hanith covid/app/build/Intermediates/annotation_processor_list/debug/Intermediates/manifest_merge_blame_file/debug/manifest-merger-blame-debug-report.txt
1<?xml version="1.0" encoding="utf-8"?>
2<manifest xmlns:android="http://schemas.android.com/apk/res/android"
3    package="com.noured.covid19kit"
4    android:versionCode="1"
5    android:versionName="1.0" >
6
7    <uses-sdk
8        android:minSdkVersion="19"
8-->src/main/AndroidManifest.xml
9        android:targetSdkVersion="30" />
9-->src/main/AndroidManifest.xml
10
11    <!-- Adding Camera, Write External Storage Permission -->
12    <uses-permission android:name="android.permission.CAMERA" />
12-->src/main/AndroidManifest.xml:6:5-65
12-->src/main/AndroidManifest.xml:6:22-62
13    <uses-permission android:name="android.permission.WRITE_EXTERNAL_STORAGE" />
13-->src/main/AndroidManifest.xml:7:5-81
13-->src/main/AndroidManifest.xml:7:22-78
14
15    <!-- Adding Internet Permission -->
16    <uses-permission android:name="android.permission.INTERNET" />
16-->src/main/AndroidManifest.xml:10:5-67
16-->src/main/AndroidManifest.xml:10:22-64
17
18    <application
18-->src/main/AndroidManifest.xml:12:5-31:19
19        android:name="androidx.multidex.MultiDexApplication"
20        android:allowBackup="true"
20-->src/main/AndroidManifest.xml:13:9-35
21        android:appComponentFactory="androidx.core.app.CoreComponentFactory"
21-->[androidx.core:core:1.3.1] AndroidManifest.xml:24:18-86
22        android:debuggable="true"
23        android:icon="@mipmap/ic_launcher"
23-->src/main/AndroidManifest.xml:14:9-43
24        android:label="LET IT FREE"
24-->src/main/AndroidManifest.xml:15:9-36
25        android:roundIcon="@mipmap/ic_launcher_round"
25-->src/main/AndroidManifest.xml:16:9-54
26        android:supportsRtl="true"
26-->src/main/AndroidManifest.xml:17:9-35
27        android:testOnly="true"
28        android:theme="@style/Theme.COVID19KIT" >
28-->src/main/AndroidManifest.xml:18:9-48
29        <activity android:name="com.noured.covid19kit.BotActivity" />
29-->src/main/AndroidManifest.xml:19:9-49
29-->src/main/AndroidManifest.xml:19:19-46
30        <activity android:name="com.noured.covid19kit.ContactActivity" />
30-->src/main/AndroidManifest.xml:20:9-53
30-->src/main/AndroidManifest.xml:20:19-50
31        <activity android:name="com.noured.covid19kit.TransitionActivity" />
31-->src/main/AndroidManifest.xml:21:9-56
31-->src/main/AndroidManifest.xml:21:19-53
32        <activity android:name="com.noured.covid19kit.CameraPredictionActivity" />
32-->src/main/AndroidManifest.xml:22:9-62
32-->src/main/AndroidManifest.xml:22:19-59
33        <activity android:name="com.noured.covid19kit.GalleryPredictionActivity" />
33-->src/main/AndroidManifest.xml:23:9-63
33-->src/main/AndroidManifest.xml:23:19-60
34        <activity android:name="com.noured.covid19kit.MainActivity" >
34-->src/main/AndroidManifest.xml:24:9-30:20
34-->src/main/AndroidManifest.xml:24:19-47
35            <intent-filter>
35-->src/main/AndroidManifest.xml:25:13-29:29
36                <action android:name="android.intent.action.MAIN" />
36-->src/main/AndroidManifest.xml:26:17-69
36-->src/main/AndroidManifest.xml:26:25-66
37
38                <category android:name="android.intent.category.LAUNCHER" />
38-->src/main/AndroidManifest.xml:28:17-77
38-->src/main/AndroidManifest.xml:28:27-74
39            </intent-filter>
40        </activity>
41    </application>
42
43</manifest>